<?xml version="1.0" encoding="UTF-8"?>
<testsuite name="no.bedrift.pensjon.service.PensionEstimationServiceTest" tests="1" skipped="0" failures="0" errors="0" timestamp="2025-09-17T18:03:37.539Z" hostname="DESKTOP-DANFF72" time="0.063">
  <properties/>
  <testcase name="cap at 30 service years yields factor 1, estimate equals 66 percent of salary()" classname="no.bedrift.pensjon.service.PensionEstimationServiceTest" time="0.063"/>
  <system-out><![CDATA[]]></system-out>
  <system-err><![CDATA[]]></system-err>
</testsuite>
